2026-06-12 01:30 ACCEPT [MarketWatch] "Adobe is losing another top executive, and investors don’t like it" | kw:rice
2026-06-12 01:30 ACCEPT [BBC Business] "Why the economics makes this the craziest world cup ever" | kw:rice,trade war
2026-06-12 01:30 ACCEPT [BBC Business] "India's 'blue gold' starts a new drinks industry" | kw:gold
2026-06-12 01:30 ACCEPT [BBC Business] "Trump says 'I love the inflation' as US prices rise at fastest rate in" | kw:rice,inflation
2026-06-12 01:30 ACCEPT [BBC Business] "Dozens of crisis payments handed out by council" | kw:oil
2026-06-12 01:30 ACCEPT [The Guardian Biz] "SpaceX heads for record $1.78tn float amid fears it is overvalued" | kw:rice
2026-06-12 01:30 ACCEPT [The Guardian Biz] "AI wealth boom sending San Francisco home prices surging: ‘It’s ridicu" | kw:rice
2026-06-12 01:30 ACCEPT [The Guardian Biz] "What Albania teaches us about Kushner's real estate tactics – video ex" | kw:iron
2026-06-12 01:30 ACCEPT [Al Jazeera] "Trump administration sanctions Cuba’s national oil company, blasts Cas" | kw:oil,sanction
2026-06-12 01:30 ACCEPT [CNBC Commodities] "Gold slumps to 6-month low even as inflation fears rise. Here's why bu" | kw:gold,rice,inflation
2026-06-12 01:30 ACCEPT [OilPrice.com] "U.S. To Build Its First Ever Floating LNG Export Terminal" | kw:gas,lng
2026-06-12 01:30 ACCEPT [OilPrice.com] "Rotterdam's Growing Oil Storage Fraud Problem Is Costing Traders Milli" | kw:oil
2026-06-12 01:30 ACCEPT [OilPrice.com] "Iraq's Energy Sector Faces Its Most Important Test in Decades" | kw:oil,opec
2026-06-12 01:30 ACCEPT [OilPrice.com] "Big Tech's Private Power Plants Will Drive Up Your Energy Bill, Expert" | kw:rice
2026-06-12 01:30 ACCEPT [OilPrice.com] "The Reliability Crisis Utilities Don't Want to Talk About" | kw:shortage
2026-06-12 01:30 ACCEPT [OilPrice.com] "9 Billion BOE on the Table as Kazakhstan Opens Biggest Licensing Round" | kw:oil
2026-06-12 01:30 ACCEPT [OilPrice.com] "OPEC Sees Oil Demand Growth Outpacing Supply Through 2027" | kw:oil,crude,opec
2026-06-12 01:30 ACCEPT [OilPrice.com] "Britain’s Electric Vehicle Market Is Booming as Fuel Prices Climb" | kw:oil,fuel,rice
2026-06-12 01:30 ACCEPT [OilPrice.com] "Oil Held the Biggest IPO Record. Tonight It Loses the Crown." | kw:oil,crude,petroleum
2026-06-12 01:30 ACCEPT [OilPrice.com] "Why Power Prices Are Rising Faster in Deregulated States" | kw:gas,rice
2026-06-12 01:30 ACCEPT [OilPrice.com] "Why Household Batteries Are Becoming Strategic Assets" | kw:oil,crude,petroleum
2026-06-12 01:30 ACCEPT [OilPrice.com] "China Is Learning to Use Less Oil—and That's a Bigger Deal Than It Sou" | kw:oil,gas,fuel
2026-06-12 01:30 ACCEPT [OilPrice.com] "Guyana’s Oil Boom Gets a Major Boost From $100 Crude" | kw:oil,crude,petroleum
2026-06-12 01:30 WB_CONTEXT refreshed
2026-06-12 01:30 SENT_MORNING articles=20 date=2026-06-12
